{"total": {"lines":{"total":88,"covered":43,"skipped":0,"pct":48.86},"statements":{"total":88,"covered":43,"skipped":0,"pct":48.86},"functions":{"total":10,"covered":7,"skipped":0,"pct":70},"branches":{"total":17,"covered":14,"skipped":0,"pct":82.35},"branchesTrue":{"total":0,"covered":0,"skipped":0,"pct":100}}
,"C:\\Users\\Froilan Zarate\\Documents\\DevOps Practice\\typing-website\\client-vite\\src\\App.tsx": {"lines":{"total":30,"covered":0,"skipped":0,"pct":0},"functions":{"total":1,"covered":0,"skipped":0,"pct":0},"statements":{"total":30,"covered":0,"skipped":0,"pct":0},"branches":{"total":1,"covered":0,"skipped":0,"pct":0}}
,"C:\\Users\\Froilan Zarate\\Documents\\DevOps Practice\\typing-website\\client-vite\\src\\main.tsx": {"lines":{"total":10,"covered":0,"skipped":0,"pct":0},"functions":{"total":1,"covered":0,"skipped":0,"pct":0},"statements":{"total":10,"covered":0,"skipped":0,"pct":0},"branches":{"total":1,"covered":0,"skipped":0,"pct":0}}
,"C:\\Users\\Froilan Zarate\\Documents\\DevOps Practice\\typing-website\\client-vite\\src\\components\\Counter.tsx": {"lines":{"total":12,"covered":12,"skipped":0,"pct":100},"functions":{"total":2,"covered":2,"skipped":0,"pct":100},"statements":{"total":12,"covered":12,"skipped":0,"pct":100},"branches":{"total":2,"covered":2,"skipped":0,"pct":100}}
,"C:\\Users\\Froilan Zarate\\Documents\\DevOps Practice\\typing-website\\client-vite\\src\\components\\NonTested.tsx": {"lines":{"total":5,"covered":0,"skipped":0,"pct":0},"functions":{"total":1,"covered":0,"skipped":0,"pct":0},"statements":{"total":5,"covered":0,"skipped":0,"pct":0},"branches":{"total":1,"covered":0,"skipped":0,"pct":0}}
,"C:\\Users\\Froilan Zarate\\Documents\\DevOps Practice\\typing-website\\client-vite\\src\\components\\Test.tsx": {"lines":{"total":4,"covered":4,"skipped":0,"pct":100},"functions":{"total":1,"covered":1,"skipped":0,"pct":100},"statements":{"total":4,"covered":4,"skipped":0,"pct":100},"branches":{"total":2,"covered":2,"skipped":0,"pct":100}}
,"C:\\Users\\Froilan Zarate\\Documents\\DevOps Practice\\typing-website\\client-vite\\src\\components\\UserProfile.tsx": {"lines":{"total":16,"covered":16,"skipped":0,"pct":100},"functions":{"total":1,"covered":1,"skipped":0,"pct":100},"statements":{"total":16,"covered":16,"skipped":0,"pct":100},"branches":{"total":5,"covered":5,"skipped":0,"pct":100}}
,"C:\\Users\\Froilan Zarate\\Documents\\DevOps Practice\\typing-website\\client-vite\\src\\hooks\\useCounter.ts": {"lines":{"total":11,"covered":11,"skipped":0,"pct":100},"functions":{"total":3,"covered":3,"skipped":0,"pct":100},"statements":{"total":11,"covered":11,"skipped":0,"pct":100},"branches":{"total":5,"covered":5,"skipped":0,"pct":100}}
}
